<?xml version="1.0" encoding="UTF-8"?>
<!-- Generated by org.testng.reporters.JUnitReportReporter -->
<testsuite hostname="SeShi" failures="0" tests="4" name="com.qa.opencase.base.LoginPageTest" time="4.084" errors="0" timestamp="2024-04-01T00:23:17 EDT" skipped="0">
  <testcase classname="com.qa.opencase.base.LoginPageTest" name="loginPageTitleTest" time="2.725"/>
  <testcase classname="com.qa.opencase.base.LoginPageTest" name="loginPageURLTest" time="0.012"/>
  <testcase classname="com.qa.opencase.base.LoginPageTest" name="forgotPwd" time="0.076"/>
  <testcase classname="com.qa.opencase.base.LoginPageTest" name="doLogin" time="1.271"/>
</testsuite> <!-- com.qa.opencase.base.LoginPageTest -->
